[36m2026-06-18T15:45:36.077866 [DEBUG]  [FLINT] ⚠️ Hot reload is ENABLED.[0m
[36m2026-06-18T15:45:36.097531 [DEBUG]  FLINT_HOT=[0m
[36m2026-06-18T15:45:36.100529 [DEBUG]  [FLINT] Starting Parent Launcher (PID: 31232)...[0m
[36m2026-06-18T15:45:36.228235 [DEBUG]  [DEBUG] Swagger UI directory: C:\Users\Aim\AppData\Local\Pub\Cache\hosted\pub.dev\flint_dart-1.1.12\lib\swagger\swagger-ui[0m
[36m2026-06-18T15:45:50.624263 [DEBUG]  [HOT-RELOAD] Flint watcher started[0m
[36m2026-06-18T15:45:50.656064 [DEBUG]  [HOT-RELOAD] Watching: lib/[0m
[36m2026-06-18T15:45:50.657082 [DEBUG]  [HOT-RELOAD] Watching: .env[0m
[36m2026-06-18T15:45:50.658099 [DEBUG]  [HOT-RELOAD] Watching: lib\ui[0m
[36m2026-06-18T15:45:50.664168 [DEBUG]  [HOT-RELOAD] Watching: public[0m
[36m2026-06-18T15:45:50.664168 [DEBUG]  [HOT-RELOAD] Debounce: 300ms templates, 500ms server code[0m
[36m2026-06-18T15:45:50.665678 [DEBUG]  [HOT-RELOAD] Endpoint: http://localhost:3030/_flint/internal/hot-reload[0m
[36m2026-06-18T15:45:51.460625 [DEBUG]  [HOT-RELOAD] Starting server...[0m
[36m2026-06-18T15:46:09.278791 [DEBUG]  [FLINT] ⚠️ Hot reload is ENABLED.[0m
[36m2026-06-18T15:46:09.314039 [DEBUG]  FLINT_HOT=1[0m
[36m2026-06-18T15:46:09.405526 [DEBUG]  [FLINT] Server Worker running on http://localhost:3030 (PID: 30836)[0m
[36m2026-06-18T15:46:09.430432 [DEBUG]  Mail server configured for Flint Dart <noreply@flintdart.eulogia.net>@smtp.gmail.com[0m
[32m2026-06-18T15:46:09.430432 [INFO]  📧 Mail configured using provider: gmail[0m
[36m2026-06-18T15:46:09.763485 [DEBUG]  [HOT-RELOAD] Server started on http://localhost:3030[0m
[36m2026-06-18T15:46:10.414270 [DEBUG]  [DEBUG] Swagger UI directory: C:\Users\Aim\AppData\Local\Pub\Cache\hosted\pub.dev\flint_dart-1.1.12\lib\swagger\swagger-ui[0m
[36m2026-06-18T15:46:10.846120 [DEBUG]  [DB] MySQL connected to inventoryhq@localhost:3306[0m
[36m2026-06-18T15:46:10.846120 [DEBUG]  [FLINT] Database auto-connected via .env[0m
[36m2026-06-18T15:46:11.359274 [DEBUG]  Compiling Flint Web UI...[0m
[36m2026-06-18T15:46:11.364537 [DEBUG]  Entry: lib\ui\main.dart[0m
[36m2026-06-18T15:46:33.074363 [DEBUG]  Compiled 13,394,205 input bytes (8,397,346 characters source) to 458,203 characters JavaScript in 16.9 seconds[0m
[36m2026-06-18T15:46:34.747323 [DEBUG]  Hashed Flint UI asset: public\assets\js\flint-ui\main.01e5c0f33492.dart.js[0m
[36m2026-06-18T15:46:34.849237 [DEBUG]  Flint service worker generated: public\flint-sw.js[0m
[36m2026-06-18T15:46:34.963308 [DEBUG]  Page-level Flint UI bundles skipped: No Flint UI page bundle config found. Create flint_ui.yaml or pass --pages-config <path>.[0m
[36m2026-06-18T15:53:35.278976 [DEBUG]  [HOT-RELOAD] Flint UI changed: lib\ui\components\site_layout.dart[0m
[36m2026-06-18T15:53:38.064990 [DEBUG]  [HOT-RELOAD] Build notice skipped because server is not listening.[0m
[36m2026-06-18T15:53:38.075991 [DEBUG]  Compiling Flint Web UI...[0m
[36m2026-06-18T15:53:38.076530 [DEBUG]  Entry: lib\ui\main.dart[0m
[36m2026-06-18T15:53:45.543121 [DEBUG]  Web build failed:[0m
[36m2026-06-18T15:53:45.549138 [DEBUG]  lib/ui/components/site_layout.dart:19:9:
Error: The method 'ValueStripSection' isn't defined for the type 'SiteLayout'.
 - 'SiteLayout' is from 'package:backend/ui/components/site_layout.dart' ('lib/ui/components/site_layout.dart').
        ValueStripSection(),
        ^^^^^^^^^^^^^^^^^
Error: Compilation failed.[0m
[31m2026-06-18T15:53:47.624513 [ERROR]  [HOT-RELOAD] Error rebuilding Flint UI
Bad state: Flint Web UI build failed.
lib/ui/components/site_layout.dart:19:9:
Error: The method 'ValueStripSection' isn't defined for the type 'SiteLayout'.
 - 'SiteLayout' is from 'package:backend/ui/components/site_layout.dart' ('lib/ui/components/site_layout.dart').
        ValueStripSection(),
        ^^^^^^^^^^^^^^^^^
Error: Compilation failed.
#0      FlintWebUiBuilder._compileDartFile (package:flint_dart/src/cli/web_ui_builder.dart:520:7)
<asynchronous suspension>
#1      FlintWebUiBuilder._compileDart (package:flint_dart/src/cli/web_ui_builder.dart:421:5)
<asynchronous suspension>
#2      FlintWebUiBuilder.compile (package:flint_dart/src/cli/web_ui_builder.dart:199:5)
<asynchronous suspension>
#3      FlintWebUiBuilder.compileDefault (package:flint_dart/src/cli/web_ui_builder.dart:187:5)
<asynchronous suspension>
#4      watchFiles.onEvent.<anonymous closure> (file:///C:/Users/Aim/AppData/Local/Pub/Cache/hosted/pub.dev/flint_dart-1.1.12/bin/hot_reload.dart:436:13)
<asynchronous suspension>
[0m
[36m2026-06-18T15:53:57.360909 [DEBUG]  [HOT-RELOAD] Flint UI changed: lib\ui\components\site_layout.dart[0m
[36m2026-06-18T15:54:00.188481 [DEBUG]  [HOT-RELOAD] Build notice skipped because server is not listening.[0m
[36m2026-06-18T15:54:00.195517 [DEBUG]  Compiling Flint Web UI...[0m
[36m2026-06-18T15:54:00.195517 [DEBUG]  Entry: lib\ui\main.dart[0m
[36m2026-06-18T15:54:07.760775 [DEBUG]  [HOT-RELOAD] Flint UI changed: lib\ui\components\site_layout.dart[0m
[36m2026-06-18T15:54:10.697156 [DEBUG]  [HOT-RELOAD] Build notice skipped because server is not listening.[0m
[36m2026-06-18T15:54:10.704674 [DEBUG]  Compiling Flint Web UI...[0m
[36m2026-06-18T15:54:10.705285 [DEBUG]  Entry: lib\ui\main.dart[0m
[36m2026-06-18T15:54:10.879491 [DEBUG]  Web build failed:[0m
[36m2026-06-18T15:54:10.883574 [DEBUG]  lib/ui/components/site_layout.dart:122:18:
Error: The getter 'heroSectionStyle' isn't defined for the type 'HeroSection'.
 - 'HeroSection' is from 'package:backend/ui/components/site_layout.dart' ('lib/ui/components/site_layout.dart').
      dartStyle: heroSectionStyle,
                 ^^^^^^^^^^^^^^^^
lib/ui/components/site_layout.dart:139:30:
Error: The getter 'heroBadgeStyle' isn't defined for the type 'HeroSection'.
 - 'HeroSection' is from 'package:backend/ui/components/site_layout.dart' ('lib/ui/components/site_layout.dart').
                  dartStyle: heroBadgeStyle,
                             ^^^^^^^^^^^^^^
lib/ui/components/site_layout.dart:207:22:
Error: The getter 'valueStripStyle' isn't defined for the type 'ValueStripSection'.
 - 'ValueStripSection' is from 'package:backend/ui/components/site_layout.dart' ('lib/ui/components/site_layout.dart').
          dartStyle: valueStripStyle,
                     ^^^^^^^^^^^^^^^
lib/ui/components/site_layout.dart:229:22:
Error: The getter 'heroImagePanelStyle' isn't defined for the type 'HeroVisual'.
 - 'HeroVisual' is from 'package:backend/ui/components/site_layout.dart' ('lib/ui/components/site_layout.dart').
          dartStyle: heroImagePanelStyle,
                     ^^^^^^^^^^^^^^^^^^^
lib/ui/components/site_layout.dart:232:26:
Error: The getter 'heroImageOverlayStyle' isn't defined for the type 'HeroVisual'.
 - 'HeroVisual' is from 'package:backend/ui/components/site_layout.dart' ('lib/ui/components/site_layout.dart').
              dartStyle: heroImageOverlayStyle,
                         ^^^^^^^^^^^^^^^^^^^^^
lib/ui/components/site_layout.dart:254:22:
Error: The getter 'heroFloatingCardStyle' isn't defined for the type 'HeroVisual'.
 - 'HeroVisual' is from 'package:backend/ui/components/site_layout.dart' ('lib/ui/components/site_layout.dart').
          dartStyle: heroFloatingCardStyle,
                     ^^^^^^^^^^^^^^^^^^^^^
lib/ui/components/site_layout.dart:256:51:
Error: The getter 'heroMiniLabelStyle' isn't defined for the type 'HeroVisual'.
 - 'HeroVisual' is from 'package:backend/ui/components/site_layout.dart' ('lib/ui/components/site_layout.dart').
            Text.small('Supply focus', dartStyle: heroMiniLabelStyle),
                                                  ^^^^^^^^^^^^^^^^^^
lib/ui/components/site_layout.dart:286:18:
Error: The getter 'heroProofStyle' isn't defined for the type 'HeroProof'.
 - 'HeroProof' is from 'package:backend/ui/components/site_layout.dart' ('lib/ui/components/site_layout.dart').
      dartStyle: heroProofStyle,
                 ^^^^^^^^^^^^^^
Error: Compilation failed.[0m
[31m2026-06-18T15:54:12.962378 [ERROR]  [HOT-RELOAD] Error rebuilding Flint UI
Bad state: Flint Web UI build failed.
lib/ui/components/site_layout.dart:122:18:
Error: The getter 'heroSectionStyle' isn't defined for the type 'HeroSection'.
 - 'HeroSection' is from 'package:backend/ui/components/site_layout.dart' ('lib/ui/components/site_layout.dart').
      dartStyle: heroSectionStyle,
                 ^^^^^^^^^^^^^^^^
lib/ui/components/site_layout.dart:139:30:
Error: The getter 'heroBadgeStyle' isn't defined for the type 'HeroSection'.
 - 'HeroSection' is from 'package:backend/ui/components/site_layout.dart' ('lib/ui/components/site_layout.dart').
                  dartStyle: heroBadgeStyle,
                             ^^^^^^^^^^^^^^
lib/ui/components/site_layout.dart:207:22:
Error: The getter 'valueStripStyle' isn't defined for the type 'ValueStripSection'.
 - 'ValueStripSection' is from 'package:backend/ui/components/site_layout.dart' ('lib/ui/components/site_layout.dart').
          dartStyle: valueStripStyle,
                     ^^^^^^^^^^^^^^^
lib/ui/components/site_layout.dart:229:22:
Error: The getter 'heroImagePanelStyle' isn't defined for the type 'HeroVisual'.
 - 'HeroVisual' is from 'package:backend/ui/components/site_layout.dart' ('lib/ui/components/site_layout.dart').
          dartStyle: heroImagePanelStyle,
                     ^^^^^^^^^^^^^^^^^^^
lib/ui/components/site_layout.dart:232:26:
Error: The getter 'heroImageOverlayStyle' isn't defined for the type 'HeroVisual'.
 - 'HeroVisual' is from 'package:backend/ui/components/site_layout.dart' ('lib/ui/components/site_layout.dart').
              dartStyle: heroImageOverlayStyle,
                         ^^^^^^^^^^^^^^^^^^^^^
lib/ui/components/site_layout.dart:254:22:
Error: The getter 'heroFloatingCardStyle' isn't defined for the type 'HeroVisual'.
 - 'HeroVisual' is from 'package:backend/ui/components/site_layout.dart' ('lib/ui/components/site_layout.dart').
          dartStyle: heroFloatingCardStyle,
                     ^^^^^^^^^^^^^^^^^^^^^
lib/ui/components/site_layout.dart:256:51:
Error: The getter 'heroMiniLabelStyle' isn't defined for the type 'HeroVisual'.
 - 'HeroVisual' is from 'package:backend/ui/components/site_layout.dart' ('lib/ui/components/site_layout.dart').
            Text.small('Supply focus', dartStyle: heroMiniLabelStyle),
                                                  ^^^^^^^^^^^^^^^^^^
lib/ui/components/site_layout.dart:286:18:
Error: The getter 'heroProofStyle' isn't defined for the type 'HeroProof'.
 - 'HeroProof' is from 'package:backend/ui/components/site_layout.dart' ('lib/ui/components/site_layout.dart').
      dartStyle: heroProofStyle,
                 ^^^^^^^^^^^^^^
Error: Compilation failed.
#0      FlintWebUiBuilder._compileDartFile (package:flint_dart/src/cli/web_ui_builder.dart:520:7)
<asynchronous suspension>
#1      FlintWebUiBuilder._compileDart (package:flint_dart/src/cli/web_ui_builder.dart:421:5)
<asynchronous suspension>
#2      FlintWebUiBuilder.compile (package:flint_dart/src/cli/web_ui_builder.dart:199:5)
<asynchronous suspension>
#3      FlintWebUiBuilder.compileDefault (package:flint_dart/src/cli/web_ui_builder.dart:187:5)
<asynchronous suspension>
#4      watchFiles.onEvent.<anonymous closure> (file:///C:/Users/Aim/AppData/Local/Pub/Cache/hosted/pub.dev/flint_dart-1.1.12/bin/hot_reload.dart:436:13)
<asynchronous suspension>
[0m
[36m2026-06-18T15:54:25.461424 [DEBUG]  Web build failed:[0m
[36m2026-06-18T15:54:25.467668 [DEBUG]  lib/ui/components/site_layout.dart:122:18:
Error: The getter 'heroSectionStyle' isn't defined for the type 'HeroSection'.
 - 'HeroSection' is from 'package:backend/ui/components/site_layout.dart' ('lib/ui/components/site_layout.dart').
      dartStyle: heroSectionStyle,
                 ^^^^^^^^^^^^^^^^
lib/ui/components/site_layout.dart:139:30:
Error: The getter 'heroBadgeStyle' isn't defined for the type 'HeroSection'.
 - 'HeroSection' is from 'package:backend/ui/components/site_layout.dart' ('lib/ui/components/site_layout.dart').
                  dartStyle: heroBadgeStyle,
                             ^^^^^^^^^^^^^^
lib/ui/components/site_layout.dart:207:22:
Error: The getter 'valueStripStyle' isn't defined for the type 'ValueStripSection'.
 - 'ValueStripSection' is from 'package:backend/ui/components/site_layout.dart' ('lib/ui/components/site_layout.dart').
          dartStyle: valueStripStyle,
                     ^^^^^^^^^^^^^^^
lib/ui/components/site_layout.dart:229:22:
Error: The getter 'heroImagePanelStyle' isn't defined for the type 'HeroVisual'.
 - 'HeroVisual' is from 'package:backend/ui/components/site_layout.dart' ('lib/ui/components/site_layout.dart').
          dartStyle: heroImagePanelStyle,
                     ^^^^^^^^^^^^^^^^^^^
lib/ui/components/site_layout.dart:232:26:
Error: The getter 'heroImageOverlayStyle' isn't defined for the type 'HeroVisual'.
 - 'HeroVisual' is from 'package:backend/ui/components/site_layout.dart' ('lib/ui/components/site_layout.dart').
              dartStyle: heroImageOverlayStyle,
                         ^^^^^^^^^^^^^^^^^^^^^
lib/ui/components/site_layout.dart:254:22:
Error: The getter 'heroFloatingCardStyle' isn't defined for the type 'HeroVisual'.
 - 'HeroVisual' is from 'package:backend/ui/components/site_layout.dart' ('lib/ui/components/site_layout.dart').
          dartStyle: heroFloatingCardStyle,
                     ^^^^^^^^^^^^^^^^^^^^^
lib/ui/components/site_layout.dart:256:51:
Error: The getter 'heroMiniLabelStyle' isn't defined for the type 'HeroVisual'.
 - 'HeroVisual' is from 'package:backend/ui/components/site_layout.dart' ('lib/ui/components/site_layout.dart').
            Text.small('Supply focus', dartStyle: heroMiniLabelStyle),
                                                  ^^^^^^^^^^^^^^^^^^
lib/ui/components/site_layout.dart:286:18:
Error: The getter 'heroProofStyle' isn't defined for the type 'HeroProof'.
 - 'HeroProof' is from 'package:backend/ui/components/site_layout.dart' ('lib/ui/components/site_layout.dart').
      dartStyle: heroProofStyle,
                 ^^^^^^^^^^^^^^
Error: Compilation failed.[0m
[31m2026-06-18T15:54:27.533966 [ERROR]  [HOT-RELOAD] Error rebuilding Flint UI
Bad state: Flint Web UI build failed.
lib/ui/components/site_layout.dart:122:18:
Error: The getter 'heroSectionStyle' isn't defined for the type 'HeroSection'.
 - 'HeroSection' is from 'package:backend/ui/components/site_layout.dart' ('lib/ui/components/site_layout.dart').
      dartStyle: heroSectionStyle,
                 ^^^^^^^^^^^^^^^^
lib/ui/components/site_layout.dart:139:30:
Error: The getter 'heroBadgeStyle' isn't defined for the type 'HeroSection'.
 - 'HeroSection' is from 'package:backend/ui/components/site_layout.dart' ('lib/ui/components/site_layout.dart').
                  dartStyle: heroBadgeStyle,
                             ^^^^^^^^^^^^^^
lib/ui/components/site_layout.dart:207:22:
Error: The getter 'valueStripStyle' isn't defined for the type 'ValueStripSection'.
 - 'ValueStripSection' is from 'package:backend/ui/components/site_layout.dart' ('lib/ui/components/site_layout.dart').
          dartStyle: valueStripStyle,
                     ^^^^^^^^^^^^^^^
lib/ui/components/site_layout.dart:229:22:
Error: The getter 'heroImagePanelStyle' isn't defined for the type 'HeroVisual'.
 - 'HeroVisual' is from 'package:backend/ui/components/site_layout.dart' ('lib/ui/components/site_layout.dart').
          dartStyle: heroImagePanelStyle,
                     ^^^^^^^^^^^^^^^^^^^
lib/ui/components/site_layout.dart:232:26:
Error: The getter 'heroImageOverlayStyle' isn't defined for the type 'HeroVisual'.
 - 'HeroVisual' is from 'package:backend/ui/components/site_layout.dart' ('lib/ui/components/site_layout.dart').
              dartStyle: heroImageOverlayStyle,
                         ^^^^^^^^^^^^^^^^^^^^^
lib/ui/components/site_layout.dart:254:22:
Error: The getter 'heroFloatingCardStyle' isn't defined for the type 'HeroVisual'.
 - 'HeroVisual' is from 'package:backend/ui/components/site_layout.dart' ('lib/ui/components/site_layout.dart').
          dartStyle: heroFloatingCardStyle,
                     ^^^^^^^^^^^^^^^^^^^^^
lib/ui/components/site_layout.dart:256:51:
Error: The getter 'heroMiniLabelStyle' isn't defined for the type 'HeroVisual'.
 - 'HeroVisual' is from 'package:backend/ui/components/site_layout.dart' ('lib/ui/components/site_layout.dart').
            Text.small('Supply focus', dartStyle: heroMiniLabelStyle),
                                                  ^^^^^^^^^^^^^^^^^^
lib/ui/components/site_layout.dart:286:18:
Error: The getter 'heroProofStyle' isn't defined for the type 'HeroProof'.
 - 'HeroProof' is from 'package:backend/ui/components/site_layout.dart' ('lib/ui/components/site_layout.dart').
      dartStyle: heroProofStyle,
                 ^^^^^^^^^^^^^^
Error: Compilation failed.
#0      FlintWebUiBuilder._compileDartFile (package:flint_dart/src/cli/web_ui_builder.dart:520:7)
<asynchronous suspension>
#1      FlintWebUiBuilder._compileDart (package:flint_dart/src/cli/web_ui_builder.dart:421:5)
<asynchronous suspension>
#2      FlintWebUiBuilder.compile (package:flint_dart/src/cli/web_ui_builder.dart:199:5)
<asynchronous suspension>
#3      FlintWebUiBuilder.compileDefault (package:flint_dart/src/cli/web_ui_builder.dart:187:5)
<asynchronous suspension>
#4      watchFiles.onEvent.<anonymous closure> (file:///C:/Users/Aim/AppData/Local/Pub/Cache/hosted/pub.dev/flint_dart-1.1.12/bin/hot_reload.dart:436:13)
<asynchronous suspension>
[0m
[36m2026-06-18T15:54:28.960402 [DEBUG]  [HOT-RELOAD] Flint UI changed: lib\ui\styles\theme.dart[0m
[36m2026-06-18T15:54:31.753985 [DEBUG]  [HOT-RELOAD] Build notice skipped because server is not listening.[0m
[36m2026-06-18T15:54:31.760501 [DEBUG]  Compiling Flint Web UI...[0m
[36m2026-06-18T15:54:31.762028 [DEBUG]  Entry: lib\ui\main.dart[0m
[36m2026-06-18T15:54:51.711165 [DEBUG]  [HOT-RELOAD] Flint UI changed: lib\ui\components\site_layout.dart[0m
[36m2026-06-18T15:54:54.490686 [DEBUG]  [HOT-RELOAD] Build notice skipped because server is not listening.[0m
[36m2026-06-18T15:54:54.497231 [DEBUG]  Skipped locked Flint asset: public\assets\js\flint-ui\main.dart.js.map (The process cannot access the file because it is being used by another process)[0m
[36m2026-06-18T15:54:54.511470 [DEBUG]  Compiling Flint Web UI...[0m
[36m2026-06-18T15:54:54.512287 [DEBUG]  Entry: lib\ui\main.dart[0m
[36m2026-06-18T15:54:54.926624 [DEBUG]  Compiled 13,399,610 input bytes (8,402,751 characters source) to 468,888 characters JavaScript in 18.6 seconds[0m
[36m2026-06-18T15:54:54.937675 [DEBUG]  Flint service worker generated: public\flint-sw.js[0m
[36m2026-06-18T15:54:54.939691 [DEBUG]  Page-level Flint UI bundles skipped: No Flint UI page bundle config found. Create flint_ui.yaml or pass --pages-config <path>.[0m
[36m2026-06-18T15:54:55.156062 [DEBUG]  [HOT-RELOAD] Web asset changed: public\flint-sw.js[0m
[36m2026-06-18T15:54:56.993270 [DEBUG]  [HOT-RELOAD] Server reload endpoint is not reachable. Restarting server...[0m
[36m2026-06-18T15:54:56.995270 [DEBUG]  [HOT-RELOAD] Stopping old server...[0m
[36m2026-06-18T15:54:57.242467 [DEBUG]  [HOT-RELOAD] Server reload endpoint is not reachable. Restarting server...[0m
[36m2026-06-18T15:55:00.591885 [DEBUG]  [HOT-RELOAD] Starting server...[0m
[36m2026-06-18T15:55:18.780633 [DEBUG]  Compiled 13,399,627 input bytes (8,402,768 characters source) to 468,888 characters JavaScript in 15.7 seconds[0m
[36m2026-06-18T15:55:20.583674 [DEBUG]  Hashed Flint UI asset: public\assets\js\flint-ui\main.6801462f8ccb.dart.js[0m
[36m2026-06-18T15:55:20.590250 [DEBUG]  Flint service worker generated: public\flint-sw.js[0m
[36m2026-06-18T15:55:20.592651 [DEBUG]  Page-level Flint UI bundles skipped: No Flint UI page bundle config found. Create flint_ui.yaml or pass --pages-config <path>.[0m
[36m2026-06-18T15:55:20.831144 [DEBUG]  [HOT-RELOAD] Web asset changed: public\flint-sw.js[0m
[36m2026-06-18T15:55:22.132255 [DEBUG]  [HOT-RELOAD] Web asset changed: public\main.dart.js[0m
[36m2026-06-18T15:55:22.646143 [DEBUG]  [HOT-RELOAD] Web asset changed: public\main.dart.js[0m
[36m2026-06-18T15:55:22.716115 [DEBUG]  [HOT-RELOAD] Server reload endpoint is not reachable. Restarting server...[0m
[36m2026-06-18T15:55:22.913239 [DEBUG]  [HOT-RELOAD] Server reload endpoint is not reachable. Restarting server...[0m
[36m2026-06-18T15:55:24.217340 [DEBUG]  [HOT-RELOAD] Server reload endpoint is not reachable. Restarting server...[0m
[36m2026-06-18T15:55:24.778283 [DEBUG]  [HOT-RELOAD] Server reload endpoint is not reachable. Restarting server...[0m
[36m2026-06-18T15:55:47.633529 [DEBUG]  [HOT-RELOAD] Server process started but port 3030 is not reachable.[0m
[36m2026-06-18T15:55:48.887891 [DEBUG]  [HOT-RELOAD] Server restart failed.[0m
[36m2026-06-18T15:55:48.891967 [DEBUG]  [HOT-RELOAD] Stopping old server...[0m
[36m2026-06-18T15:55:50.953260 [DEBUG]  [HOT-RELOAD] Browser reload skipped; server is still down.[0m
[36m2026-06-18T15:55:50.958230 [DEBUG]  [HOT-RELOAD] Browser reload skipped; server is still down.[0m
[36m2026-06-18T15:55:50.960232 [DEBUG]  [HOT-RELOAD] Browser reload skipped; server is still down.[0m
[36m2026-06-18T15:55:50.966907 [DEBUG]  [HOT-RELOAD] Browser reload skipped; server is still down.[0m
[36m2026-06-18T15:55:50.967913 [DEBUG]  [HOT-RELOAD] Browser reload skipped; server is still down.[0m
[36m2026-06-18T15:55:51.416739 [DEBUG]  [HOT-RELOAD] Starting server...[0m
[36m2026-06-18T15:56:08.389522 [DEBUG]  [FLINT] ⚠️ Hot reload is ENABLED.[0m
[36m2026-06-18T15:56:08.399059 [DEBUG]  FLINT_HOT=1[0m
[36m2026-06-18T15:56:08.415508 [DEBUG]  [HOT-RELOAD] Server started on http://localhost:3030[0m
[36m2026-06-18T15:56:08.436102 [DEBUG]  [FLINT] Server Worker running on http://localhost:3030 (PID: 31676)[0m
[36m2026-06-18T15:56:08.446171 [DEBUG]  Mail server configured for Flint Dart <noreply@flintdart.eulogia.net>@smtp.gmail.com[0m
[32m2026-06-18T15:56:08.447168 [INFO]  📧 Mail configured using provider: gmail[0m
[36m2026-06-18T15:56:08.798759 [DEBUG]  [DEBUG] Swagger UI directory: C:\Users\Aim\AppData\Local\Pub\Cache\hosted\pub.dev\flint_dart-1.1.12\lib\swagger\swagger-ui[0m
[36m2026-06-18T15:56:08.907276 [DEBUG]  [DB] MySQL connected to inventoryhq@localhost:3306[0m
[36m2026-06-18T15:56:08.907276 [DEBUG]  [FLINT] Database auto-connected via .env[0m
[36m2026-06-18T16:02:24.103419 [DEBUG]  [HOT-RELOAD] Flint UI changed: lib\ui\components\site_layout.dart[0m
[36m2026-06-18T16:02:24.197117 [DEBUG]  Compiling Flint Web UI...[0m
[36m2026-06-18T16:02:24.218870 [DEBUG]  Entry: lib\ui\main.dart[0m
[36m2026-06-18T16:02:34.217276 [DEBUG]  Web build failed:[0m
[36m2026-06-18T16:02:34.221341 [DEBUG]  lib/ui/components/site_layout.dart:41:18:
Error: The getter 'navOuterStyle' isn't defined for the type 'SiteNav'.
 - 'SiteNav' is from 'package:backend/ui/components/site_layout.dart' ('lib/ui/components/site_layout.dart').
      dartStyle: navOuterStyle,
                 ^^^^^^^^^^^^^
lib/ui/components/site_layout.dart:44:22:
Error: The getter 'navInnerStyle' isn't defined for the type 'SiteNav'.
 - 'SiteNav' is from 'package:backend/ui/components/site_layout.dart' ('lib/ui/components/site_layout.dart').
          dartStyle: navInnerStyle,
                     ^^^^^^^^^^^^^
lib/ui/components/site_layout.dart:49:26:
Error: The getter 'navPillStyle' isn't defined for the type 'SiteNav'.
 - 'SiteNav' is from 'package:backend/ui/components/site_layout.dart' ('lib/ui/components/site_layout.dart').
              dartStyle: navPillStyle,
                         ^^^^^^^^^^^^
lib/ui/components/site_layout.dart:83:61:
Error: The getter 'brandNameStyle' isn't defined for the type 'Brand'.
 - 'Brand' is from 'package:backend/ui/components/site_layout.dart' ('lib/ui/components/site_layout.dart').
            Text.strong('FARMS BENEFIT LIMITED', dartStyle: brandNameStyle),
                                                            ^^^^^^^^^^^^^^
lib/ui/components/site_layout.dart:86:26:
Error: The getter 'brandTaglineStyle' isn't defined for the type 'Brand'.
 - 'Brand' is from 'package:backend/ui/components/site_layout.dart' ('lib/ui/components/site_layout.dart').
              dartStyle: brandTaglineStyle,
                         ^^^^^^^^^^^^^^^^^
lib/ui/components/site_layout.dart:789:39:
Error: The getter 'menuSummaryIconStyle' isn't defined for the type 'MobileMenu'.
 - 'MobileMenu' is from 'package:backend/ui/components/site_layout.dart' ('lib/ui/components/site_layout.dart').
            Text.span('â‰¡', dartStyle: menuSummaryIconStyle),
                                      ^^^^^^^^^^^^^^^^^^^^
lib/ui/components/site_layout.dart:815:27:
Error: The getter 'activeNavLinkStyle' isn't defined for the type 'NavAnchor'.
 - 'NavAnchor' is from 'package:backend/ui/components/site_layout.dart' ('lib/ui/components/site_layout.dart').
      dartStyle: active ? activeNavLinkStyle : navLinkStyle,
                          ^^^^^^^^^^^^^^^^^^
Error: Compilation failed.[0m
[31m2026-06-18T16:02:34.233412 [ERROR]  [HOT-RELOAD] Error rebuilding Flint UI
Bad state: Flint Web UI build failed.
lib/ui/components/site_layout.dart:41:18:
Error: The getter 'navOuterStyle' isn't defined for the type 'SiteNav'.
 - 'SiteNav' is from 'package:backend/ui/components/site_layout.dart' ('lib/ui/components/site_layout.dart').
      dartStyle: navOuterStyle,
                 ^^^^^^^^^^^^^
lib/ui/components/site_layout.dart:44:22:
Error: The getter 'navInnerStyle' isn't defined for the type 'SiteNav'.
 - 'SiteNav' is from 'package:backend/ui/components/site_layout.dart' ('lib/ui/components/site_layout.dart').
          dartStyle: navInnerStyle,
                     ^^^^^^^^^^^^^
lib/ui/components/site_layout.dart:49:26:
Error: The getter 'navPillStyle' isn't defined for the type 'SiteNav'.
 - 'SiteNav' is from 'package:backend/ui/components/site_layout.dart' ('lib/ui/components/site_layout.dart').
              dartStyle: navPillStyle,
                         ^^^^^^^^^^^^
lib/ui/components/site_layout.dart:83:61:
Error: The getter 'brandNameStyle' isn't defined for the type 'Brand'.
 - 'Brand' is from 'package:backend/ui/components/site_layout.dart' ('lib/ui/components/site_layout.dart').
            Text.strong('FARMS BENEFIT LIMITED', dartStyle: brandNameStyle),
                                                            ^^^^^^^^^^^^^^
lib/ui/components/site_layout.dart:86:26:
Error: The getter 'brandTaglineStyle' isn't defined for the type 'Brand'.
 - 'Brand' is from 'package:backend/ui/components/site_layout.dart' ('lib/ui/components/site_layout.dart').
              dartStyle: brandTaglineStyle,
                         ^^^^^^^^^^^^^^^^^
lib/ui/components/site_layout.dart:789:39:
Error: The getter 'menuSummaryIconStyle' isn't defined for the type 'MobileMenu'.
 - 'MobileMenu' is from 'package:backend/ui/components/site_layout.dart' ('lib/ui/components/site_layout.dart').
            Text.span('â‰¡', dartStyle: menuSummaryIconStyle),
                                      ^^^^^^^^^^^^^^^^^^^^
lib/ui/components/site_layout.dart:815:27:
Error: The getter 'activeNavLinkStyle' isn't defined for the type 'NavAnchor'.
 - 'NavAnchor' is from 'package:backend/ui/components/site_layout.dart' ('lib/ui/components/site_layout.dart').
      dartStyle: active ? activeNavLinkStyle : navLinkStyle,
                          ^^^^^^^^^^^^^^^^^^
Error: Compilation failed.
#0      FlintWebUiBuilder._compileDartFile (package:flint_dart/src/cli/web_ui_builder.dart:520:7)
<asynchronous suspension>
#1      FlintWebUiBuilder._compileDart (package:flint_dart/src/cli/web_ui_builder.dart:421:5)
<asynchronous suspension>
#2      FlintWebUiBuilder.compile (package:flint_dart/src/cli/web_ui_builder.dart:199:5)
<asynchronous suspension>
#3      FlintWebUiBuilder.compileDefault (package:flint_dart/src/cli/web_ui_builder.dart:187:5)
<asynchronous suspension>
#4      watchFiles.onEvent.<anonymous closure> (file:///C:/Users/Aim/AppData/Local/Pub/Cache/hosted/pub.dev/flint_dart-1.1.12/bin/hot_reload.dart:436:13)
<asynchronous suspension>
[0m
[36m2026-06-18T16:02:44.046999 [DEBUG]  [HOT-RELOAD] Flint UI changed: lib\ui\styles\theme.dart[0m
[36m2026-06-18T16:02:44.113959 [DEBUG]  Compiling Flint Web UI...[0m
[36m2026-06-18T16:02:44.120501 [DEBUG]  Entry: lib\ui\main.dart[0m
[36m2026-06-18T16:02:52.134110 [DEBUG]  [HOT-RELOAD] Flint UI changed: lib\ui\components\site_layout.dart[0m
[36m2026-06-18T16:02:52.159059 [DEBUG]  Compiling Flint Web UI...[0m
[36m2026-06-18T16:02:52.160576 [DEBUG]  Entry: lib\ui\main.dart[0m
[36m2026-06-18T16:02:53.837677 [DEBUG]  Compiled 13,401,533 input bytes (8,404,674 characters source) to 471,336 characters JavaScript in 6.69 seconds[0m
[36m2026-06-18T16:02:54.642222 [DEBUG]  Hashed Flint UI asset: public\assets\js\flint-ui\main.44ea673129a8.dart.js[0m
[36m2026-06-18T16:02:54.644512 [DEBUG]  Flint service worker generated: public\flint-sw.js[0m
[36m2026-06-18T16:02:54.648513 [DEBUG]  Page-level Flint UI bundles skipped: No Flint UI page bundle config found. Create flint_ui.yaml or pass --pages-config <path>.[0m
[36m2026-06-18T16:02:54.871987 [DEBUG]  [HOT-RELOAD] Web asset changed: public\flint-sw.js[0m
[36m2026-06-18T16:03:04.476466 [DEBUG]  Compiled 13,401,533 input bytes (8,404,674 characters source) to 471,333 characters JavaScript in 8.96 seconds[0m
[36m2026-06-18T16:03:05.048402 [DEBUG]  Hashed Flint UI asset: public\assets\js\flint-ui\main.d7e12dd64315.dart.js[0m
[36m2026-06-18T16:03:05.053451 [DEBUG]  Flint service worker generated: public\flint-sw.js[0m
[36m2026-06-18T16:03:05.055440 [DEBUG]  Page-level Flint UI bundles skipped: No Flint UI page bundle config found. Create flint_ui.yaml or pass --pages-config <path>.[0m
[36m2026-06-18T16:03:05.270566 [DEBUG]  [HOT-RELOAD] Web asset changed: public\flint-sw.js[0m
[36m2026-06-18T16:03:13.708212 [DEBUG]  [HOT-RELOAD] Web asset changed: public\main.dart.js[0m
[36m2026-06-18T16:05:29.149104 [DEBUG]  [HOT-RELOAD] Flint UI changed: lib\ui\registry.dart[0m
[36m2026-06-18T16:05:29.178834 [DEBUG]  Compiling Flint Web UI...[0m
[36m2026-06-18T16:05:29.181874 [DEBUG]  Entry: lib\ui\main.dart[0m
[36m2026-06-18T16:05:38.038949 [DEBUG]  Compiled 13,425,585 input bytes (8,428,726 characters source) to 471,283 characters JavaScript in 6.41 seconds[0m
[36m2026-06-18T16:05:38.848309 [DEBUG]  Hashed Flint UI asset: public\assets\js\flint-ui\main.57c61760d2eb.dart.js[0m
[36m2026-06-18T16:05:38.852952 [DEBUG]  Flint service worker generated: public\flint-sw.js[0m
[36m2026-06-18T16:05:38.855974 [DEBUG]  Page-level Flint UI bundles skipped: No Flint UI page bundle config found. Create flint_ui.yaml or pass --pages-config <path>.[0m
[36m2026-06-18T16:05:39.111529 [DEBUG]  [HOT-RELOAD] Web asset changed: public\flint-sw.js[0m
[36m2026-06-18T16:13:54.275081 [DEBUG]  [HOT-RELOAD] Flint UI changed: lib\ui\components\site_layout.dart[0m
[36m2026-06-18T16:13:54.343245 [DEBUG]  Compiling Flint Web UI...[0m
[36m2026-06-18T16:13:54.346244 [DEBUG]  Entry: lib\ui\main.dart[0m
[36m2026-06-18T16:13:58.968780 [DEBUG]  Web build failed:[0m
[36m2026-06-18T16:13:58.971825 [DEBUG]  lib/ui/components/site_layout.dart:335:18:
Error: The getter 'pageHeroStyle' isn't defined for the type 'PageHero'.
 - 'PageHero' is from 'package:backend/ui/components/site_layout.dart' ('lib/ui/components/site_layout.dart').
      dartStyle: pageHeroStyle,
                 ^^^^^^^^^^^^^
lib/ui/components/site_layout.dart:345:39:
Error: The getter 'pageTitleStyle' isn't defined for the type 'PageHero'.
 - 'PageHero' is from 'package:backend/ui/components/site_layout.dart' ('lib/ui/components/site_layout.dart').
            Text.h1(title, dartStyle: pageTitleStyle),
                                      ^^^^^^^^^^^^^^
Error: Compilation failed.[0m
[31m2026-06-18T16:13:58.984577 [ERROR]  [HOT-RELOAD] Error rebuilding Flint UI
Bad state: Flint Web UI build failed.
lib/ui/components/site_layout.dart:335:18:
Error: The getter 'pageHeroStyle' isn't defined for the type 'PageHero'.
 - 'PageHero' is from 'package:backend/ui/components/site_layout.dart' ('lib/ui/components/site_layout.dart').
      dartStyle: pageHeroStyle,
                 ^^^^^^^^^^^^^
lib/ui/components/site_layout.dart:345:39:
Error: The getter 'pageTitleStyle' isn't defined for the type 'PageHero'.
 - 'PageHero' is from 'package:backend/ui/components/site_layout.dart' ('lib/ui/components/site_layout.dart').
            Text.h1(title, dartStyle: pageTitleStyle),
                                      ^^^^^^^^^^^^^^
Error: Compilation failed.
#0      FlintWebUiBuilder._compileDartFile (package:flint_dart/src/cli/web_ui_builder.dart:520:7)
<asynchronous suspension>
#1      FlintWebUiBuilder._compileDart (package:flint_dart/src/cli/web_ui_builder.dart:421:5)
<asynchronous suspension>
#2      FlintWebUiBuilder.compile (package:flint_dart/src/cli/web_ui_builder.dart:199:5)
<asynchronous suspension>
#3      FlintWebUiBuilder.compileDefault (package:flint_dart/src/cli/web_ui_builder.dart:187:5)
<asynchronous suspension>
#4      watchFiles.onEvent.<anonymous closure> (file:///C:/Users/Aim/AppData/Local/Pub/Cache/hosted/pub.dev/flint_dart-1.1.12/bin/hot_reload.dart:436:13)
<asynchronous suspension>
[0m
[36m2026-06-18T16:14:12.493298 [DEBUG]  [HOT-RELOAD] Flint UI changed: lib\ui\pages\contact_page.dart[0m
[36m2026-06-18T16:14:12.514493 [DEBUG]  Compiling Flint Web UI...[0m
[36m2026-06-18T16:14:12.518028 [DEBUG]  Entry: lib\ui\main.dart[0m
[36m2026-06-18T16:14:17.846835 [DEBUG]  Web build failed:[0m
[36m2026-06-18T16:14:17.852453 [DEBUG]  lib/ui/components/site_layout.dart:335:18:
Error: The getter 'pageHeroStyle' isn't defined for the type 'PageHero'.
 - 'PageHero' is from 'package:backend/ui/components/site_layout.dart' ('lib/ui/components/site_layout.dart').
      dartStyle: pageHeroStyle,
                 ^^^^^^^^^^^^^
lib/ui/components/site_layout.dart:345:39:
Error: The getter 'pageTitleStyle' isn't defined for the type 'PageHero'.
 - 'PageHero' is from 'package:backend/ui/components/site_layout.dart' ('lib/ui/components/site_layout.dart').
            Text.h1(title, dartStyle: pageTitleStyle),
                                      ^^^^^^^^^^^^^^
Error: Compilation failed.[0m
[31m2026-06-18T16:14:17.859459 [ERROR]  [HOT-RELOAD] Error rebuilding Flint UI
Bad state: Flint Web UI build failed.
lib/ui/components/site_layout.dart:335:18:
Error: The getter 'pageHeroStyle' isn't defined for the type 'PageHero'.
 - 'PageHero' is from 'package:backend/ui/components/site_layout.dart' ('lib/ui/components/site_layout.dart').
      dartStyle: pageHeroStyle,
                 ^^^^^^^^^^^^^
lib/ui/components/site_layout.dart:345:39:
Error: The getter 'pageTitleStyle' isn't defined for the type 'PageHero'.
 - 'PageHero' is from 'package:backend/ui/components/site_layout.dart' ('lib/ui/components/site_layout.dart').
            Text.h1(title, dartStyle: pageTitleStyle),
                                      ^^^^^^^^^^^^^^
Error: Compilation failed.
#0      FlintWebUiBuilder._compileDartFile (package:flint_dart/src/cli/web_ui_builder.dart:520:7)
<asynchronous suspension>
#1      FlintWebUiBuilder._compileDart (package:flint_dart/src/cli/web_ui_builder.dart:421:5)
<asynchronous suspension>
#2      FlintWebUiBuilder.compile (package:flint_dart/src/cli/web_ui_builder.dart:199:5)
<asynchronous suspension>
#3      FlintWebUiBuilder.compileDefault (package:flint_dart/src/cli/web_ui_builder.dart:187:5)
<asynchronous suspension>
#4      watchFiles.onEvent.<anonymous closure> (file:///C:/Users/Aim/AppData/Local/Pub/Cache/hosted/pub.dev/flint_dart-1.1.12/bin/hot_reload.dart:436:13)
<asynchronous suspension>
[0m
[36m2026-06-18T16:14:22.700631 [DEBUG]  [HOT-RELOAD] Flint UI changed: lib\ui\styles\theme.dart[0m
[36m2026-06-18T16:14:22.754893 [DEBUG]  Compiling Flint Web UI...[0m
[36m2026-06-18T16:14:22.755892 [DEBUG]  Entry: lib\ui\main.dart[0m
[36m2026-06-18T16:14:30.038407 [DEBUG]  Compiled 13,431,146 input bytes (8,434,287 characters source) to 478,373 characters JavaScript in 4.00 seconds[0m
[36m2026-06-18T16:14:31.059510 [DEBUG]  Hashed Flint UI asset: public\assets\js\flint-ui\main.70d45ea47e2a.dart.js[0m
[36m2026-06-18T16:14:31.061030 [DEBUG]  Flint service worker generated: public\flint-sw.js[0m
[36m2026-06-18T16:14:31.063059 [DEBUG]  Page-level Flint UI bundles skipped: No Flint UI page bundle config found. Create flint_ui.yaml or pass --pages-config <path>.[0m
[36m2026-06-18T16:14:31.288169 [DEBUG]  [HOT-RELOAD] Web asset changed: public\flint-sw.js[0m
[36m2026-06-18T16:14:41.169254 [DEBUG]  [HOT-RELOAD] Restarting server...[0m
[36m2026-06-18T16:14:41.174347 [DEBUG]  [HOT-RELOAD] Stopping old server...[0m
[36m2026-06-18T16:14:43.774134 [DEBUG]  [HOT-RELOAD] Starting server...[0m
[36m2026-06-18T16:14:48.990937 [DEBUG]  [HOT-RELOAD] Flint UI changed: lib\ui\data\site_content.dart[0m
[36m2026-06-18T16:14:51.766642 [DEBUG]  [HOT-RELOAD] Build notice skipped because server is not listening.[0m
[36m2026-06-18T16:14:51.775216 [DEBUG]  Compiling Flint Web UI...[0m
[36m2026-06-18T16:14:51.776181 [DEBUG]  Entry: lib\ui\main.dart[0m
[36m2026-06-18T16:15:09.014199 [DEBUG]  [HOT-RELOAD] Restarting server...[0m
[36m2026-06-18T16:15:13.980421 [DEBUG]  Compiled 13,431,207 input bytes (8,434,348 characters source) to 478,473 characters JavaScript in 14.6 seconds[0m
[36m2026-06-18T16:15:14.773200 [DEBUG]  Hashed Flint UI asset: public\assets\js\flint-ui\main.0bdad0b11764.dart.js[0m
[36m2026-06-18T16:15:14.778204 [DEBUG]  Flint service worker generated: public\flint-sw.js[0m
[36m2026-06-18T16:15:14.779202 [DEBUG]  Page-level Flint UI bundles skipped: No Flint UI page bundle config found. Create flint_ui.yaml or pass --pages-config <path>.[0m
[36m2026-06-18T16:15:15.145363 [DEBUG]  [HOT-RELOAD] Web asset changed: public\flint-sw.js[0m
[36m2026-06-18T16:15:16.831106 [DEBUG]  [HOT-RELOAD] Server reload endpoint is not reachable. Restarting server...[0m
[36m2026-06-18T16:15:17.206869 [DEBUG]  [HOT-RELOAD] Server reload endpoint is not reachable. Restarting server...[0m
[36m2026-06-18T16:15:17.552329 [DEBUG]  [FLINT] ⚠️ Hot reload is ENABLED.[0m
[36m2026-06-18T16:15:17.564373 [DEBUG]  FLINT_HOT=1[0m
[36m2026-06-18T16:15:17.604618 [DEBUG]  [FLINT] Server Worker running on http://localhost:3030 (PID: 22652)[0m
[36m2026-06-18T16:15:17.614147 [DEBUG]  Mail server configured for Flint Dart <noreply@flintdart.eulogia.net>@smtp.gmail.com[0m
[32m2026-06-18T16:15:17.614147 [INFO]  📧 Mail configured using provider: gmail[0m
[36m2026-06-18T16:15:17.656780 [DEBUG]  [HOT-RELOAD] Server started on http://localhost:3030[0m
[36m2026-06-18T16:15:17.756541 [DEBUG]  [HOT-RELOAD] Stopping old server...[0m
[36m2026-06-18T16:15:18.078947 [DEBUG]  [DEBUG] Swagger UI directory: C:\Users\Aim\AppData\Local\Pub\Cache\hosted\pub.dev\flint_dart-1.1.12\lib\swagger\swagger-ui[0m
[36m2026-06-18T16:15:18.163161 [DEBUG]  [DB] MySQL connected to inventoryhq@localhost:3306[0m
[36m2026-06-18T16:15:18.163161 [DEBUG]  [FLINT] Database auto-connected via .env[0m
[36m2026-06-18T16:15:19.664114 [DEBUG]  [HOT-RELOAD] Starting server...[0m
[36m2026-06-18T16:15:25.146161 [DEBUG]  [HOT-RELOAD] Web asset changed: public\main.dart.js[0m
[36m2026-06-18T16:15:27.229636 [DEBUG]  [HOT-RELOAD] Server reload endpoint is not reachable. Restarting server...[0m
[36m2026-06-18T16:15:33.607206 [DEBUG]  [FLINT] ⚠️ Hot reload is ENABLED.[0m
[36m2026-06-18T16:15:33.622688 [DEBUG]  FLINT_HOT=1[0m
[36m2026-06-18T16:15:33.665737 [DEBUG]  [FLINT] Server Worker running on http://localhost:3030 (PID: 27520)[0m
[36m2026-06-18T16:15:33.678763 [DEBUG]  Mail server configured for Flint Dart <noreply@flintdart.eulogia.net>@smtp.gmail.com[0m
[32m2026-06-18T16:15:33.680275 [INFO]  📧 Mail configured using provider: gmail[0m
[36m2026-06-18T16:15:33.928213 [DEBUG]  [DEBUG] Swagger UI directory: C:\Users\Aim\AppData\Local\Pub\Cache\hosted\pub.dev\flint_dart-1.1.12\lib\swagger\swagger-ui[0m
[36m2026-06-18T16:15:34.000393 [DEBUG]  [DB] MySQL connected to inventoryhq@localhost:3306[0m
[36m2026-06-18T16:15:34.000905 [DEBUG]  [FLINT] Database auto-connected via .env[0m
[36m2026-06-18T16:15:34.071095 [DEBUG]  [HOT-RELOAD] Server started on http://localhost:3030[0m
[36m2026-06-18T16:15:34.128072 [DEBUG]  [HOT-RELOAD] Stopping old server...[0m
[36m2026-06-18T16:15:36.097699 [DEBUG]  [HOT-RELOAD] Starting server...[0m
