[36m2026-06-11T17:30:28.595964 [DEBUG]  [FLINT] No Flint Web UI entry found. Skipping web build.[0m
[36m2026-06-11T17:30:41.360587 [DEBUG]  [FLINT] ⚠️ Hot reload is ENABLED.[0m
[36m2026-06-11T17:30:41.373589 [DEBUG]  FLINT_HOT=[0m
[36m2026-06-11T17:30:41.375590 [DEBUG]  [FLINT] Starting Parent Launcher (PID: 15116)...[0m
[36m2026-06-11T17:30:41.487671 [DEBUG]  [DEBUG] Swagger UI directory: C:\Users\Aim\AppData\Local\Pub\Cache\hosted\pub.dev\flint_dart-1.1.7\lib\swagger\swagger-ui[0m
[36m2026-06-11T17:30:48.415159 [DEBUG]  [HOT-RELOAD] Flint watcher started[0m
[36m2026-06-11T17:30:48.432162 [DEBUG]  [HOT-RELOAD] Watching: lib/[0m
[36m2026-06-11T17:30:48.433157 [DEBUG]  [HOT-RELOAD] Watching: .env[0m
[36m2026-06-11T17:30:48.433157 [DEBUG]  [HOT-RELOAD] Debounce: 300ms templates, 500ms server code[0m
[36m2026-06-11T17:30:48.442158 [DEBUG]  [HOT-RELOAD] Endpoint: http://localhost:3000/_flint/internal/hot-reload[0m
[36m2026-06-11T17:30:48.445160 [DEBUG]  [HOT-RELOAD] Starting server...[0m
[36m2026-06-11T17:30:50.539886 [DEBUG]  [HOT-RELOAD] Server started[0m
[36m2026-06-11T17:30:53.331153 [DEBUG]  [HOT-RELOAD] Restarting server...[0m
[36m2026-06-11T17:30:53.332158 [DEBUG]  [HOT-RELOAD] Stopping old server...[0m
[36m2026-06-11T17:30:53.373170 [DEBUG]  [HOT-RELOAD] Starting server...[0m
[36m2026-06-11T17:30:55.393419 [DEBUG]  [HOT-RELOAD] Server started[0m
[36m2026-06-11T17:31:09.923693 [DEBUG]  [FLINT] ⚠️ Hot reload is ENABLED.[0m
[36m2026-06-11T17:31:09.947690 [DEBUG]  FLINT_HOT=1[0m
[36m2026-06-11T17:31:09.991705 [DEBUG]  [FLINT] Server Worker running on http://localhost:3000 (PID: 15928)[0m
[36m2026-06-11T17:31:10.010233 [DEBUG]  Mail server configured for Flint Dart <noreply@flintdart.eulogia.net>@smtp.gmail.com[0m
[32m2026-06-11T17:31:10.011236 [INFO]  📧 Mail configured using provider: gmail[0m
[36m2026-06-11T17:31:10.300875 [DEBUG]  [DEBUG] Swagger UI directory: C:\Users\Aim\AppData\Local\Pub\Cache\hosted\pub.dev\flint_dart-1.1.7\lib\swagger\swagger-ui[0m
[36m2026-06-11T17:31:10.435116 [DEBUG]  [FLINT] Database auto-connect failed: MySQLServerException [1049]: Unknown database 'inventoryhq'
[FLINT] Tip: set autoConnectDb: false and call DB.connect(...) inside try/catch.[0m
[36m2026-06-11T17:31:20.564823 [DEBUG]  [FLINT] Database auto-connect failed: MySQLServerException [1049]: Unknown database 'inventoryhq'
[FLINT] Tip: set autoConnectDb: false and call DB.connect(...) inside try/catch.[0m
[36m2026-06-11T17:31:30.683944 [DEBUG]  [FLINT] Database auto-connect failed: MySQLServerException [1049]: Unknown database 'inventoryhq'
[FLINT] Tip: set autoConnectDb: false and call DB.connect(...) inside try/catch.[0m
[36m2026-06-11T17:31:40.805097 [DEBUG]  [FLINT] Database auto-connect failed: MySQLServerException [1049]: Unknown database 'inventoryhq'
[FLINT] Tip: set autoConnectDb: false and call DB.connect(...) inside try/catch.[0m
[36m2026-06-11T17:31:51.360778 [DEBUG]  [FLINT] Database auto-connect failed: MySQLServerException [1049]: Unknown database 'inventoryhq'
[FLINT] Tip: set autoConnectDb: false and call DB.connect(...) inside try/catch.[0m
[36m2026-06-11T17:32:01.479790 [DEBUG]  [FLINT] Database auto-connect failed: MySQLServerException [1049]: Unknown database 'inventoryhq'
[FLINT] Tip: set autoConnectDb: false and call DB.connect(...) inside try/catch.[0m
[36m2026-06-11T17:32:11.609056 [DEBUG]  [DB] MySQL connected to inventoryhq@localhost:3306[0m
[36m2026-06-11T17:32:11.612033 [DEBUG]  [FLINT] Database auto-connected via .env[0m
[36m2026-06-11T17:32:16.306905 [DEBUG]  [HOT-RELOAD] Restarting server...[0m
[36m2026-06-11T17:32:16.309902 [DEBUG]  [HOT-RELOAD] Stopping old server...[0m
[36m2026-06-11T17:32:16.325899 [DEBUG]  [HOT-RELOAD] Starting server...[0m
[36m2026-06-11T17:32:18.338269 [DEBUG]  [HOT-RELOAD] Server started[0m
[36m2026-06-11T17:32:29.239665 [DEBUG]  [FLINT] ⚠️ Hot reload is ENABLED.[0m
[36m2026-06-11T17:32:29.257209 [DEBUG]  FLINT_HOT=1[0m
[36m2026-06-11T17:32:29.286209 [DEBUG]  [FLINT] Server Worker running on http://localhost:3000 (PID: 12328)[0m
[36m2026-06-11T17:32:29.297206 [DEBUG]  Mail server configured for Flint Dart <noreply@flintdart.eulogia.net>@smtp.gmail.com[0m
[32m2026-06-11T17:32:29.298211 [INFO]  📧 Mail configured using provider: gmail[0m
[36m2026-06-11T17:32:29.545386 [DEBUG]  [DEBUG] Swagger UI directory: C:\Users\Aim\AppData\Local\Pub\Cache\hosted\pub.dev\flint_dart-1.1.7\lib\swagger\swagger-ui[0m
[36m2026-06-11T17:32:29.639962 [DEBUG]  [DB] MySQL connected to inventoryhq@localhost:3306[0m
[36m2026-06-11T17:32:29.642979 [DEBUG]  [FLINT] Database auto-connected via .env[0m
[36m2026-06-11T17:36:16.606908 [DEBUG]  🔄 Creating framework auth tables...[0m
[36m2026-06-11T17:36:17.090452 [DEBUG]  ✅ Framework auth tables created successfully[0m
[36m2026-06-11T18:00:36.638247 [DEBUG]  [HOT-RELOAD] Restarting server...[0m
[36m2026-06-11T18:00:36.643254 [DEBUG]  [HOT-RELOAD] Stopping old server...[0m
[36m2026-06-11T18:00:36.656244 [DEBUG]  [HOT-RELOAD] Starting server...[0m
[36m2026-06-11T18:00:38.677318 [DEBUG]  [HOT-RELOAD] Server started[0m
[36m2026-06-11T18:00:47.927492 [DEBUG]  [FLINT] ⚠️ Hot reload is ENABLED.[0m
[36m2026-06-11T18:00:47.940492 [DEBUG]  FLINT_HOT=1[0m
[36m2026-06-11T18:00:47.966534 [DEBUG]  [FLINT] Server Worker running on http://localhost:3000 (PID: 7152)[0m
[36m2026-06-11T18:00:47.976496 [DEBUG]  Mail server configured for Flint Dart <noreply@flintdart.eulogia.net>@smtp.gmail.com[0m
[32m2026-06-11T18:00:47.977498 [INFO]  📧 Mail configured using provider: gmail[0m
[36m2026-06-11T18:00:48.151553 [DEBUG]  [DEBUG] Swagger UI directory: C:\Users\Aim\AppData\Local\Pub\Cache\hosted\pub.dev\flint_dart-1.1.7\lib\swagger\swagger-ui[0m
[36m2026-06-11T18:00:48.261094 [DEBUG]  [DB] MySQL connected to inventoryhq@localhost:3306[0m
[36m2026-06-11T18:00:48.262096 [DEBUG]  [FLINT] Database auto-connected via .env[0m
[36m2026-06-11T18:00:48.854260 [DEBUG]  [HOT-RELOAD] Restarting server...[0m
[36m2026-06-11T18:00:48.858253 [DEBUG]  [HOT-RELOAD] Stopping old server...[0m
[36m2026-06-11T18:00:48.874255 [DEBUG]  [HOT-RELOAD] Starting server...[0m
[36m2026-06-11T18:00:50.889164 [DEBUG]  [HOT-RELOAD] Server started[0m
[36m2026-06-11T18:01:00.531494 [DEBUG]  [FLINT] ⚠️ Hot reload is ENABLED.[0m
[36m2026-06-11T18:01:00.544024 [DEBUG]  FLINT_HOT=1[0m
[36m2026-06-11T18:01:00.570029 [DEBUG]  [FLINT] Server Worker running on http://localhost:3000 (PID: 20956)[0m
[36m2026-06-11T18:01:00.579019 [DEBUG]  Mail server configured for Flint Dart <noreply@flintdart.eulogia.net>@smtp.gmail.com[0m
[32m2026-06-11T18:01:00.579019 [INFO]  📧 Mail configured using provider: gmail[0m
[36m2026-06-11T18:01:00.756326 [DEBUG]  [DEBUG] Swagger UI directory: C:\Users\Aim\AppData\Local\Pub\Cache\hosted\pub.dev\flint_dart-1.1.7\lib\swagger\swagger-ui[0m
[36m2026-06-11T18:01:00.877812 [DEBUG]  [DB] MySQL connected to inventoryhq@localhost:3306[0m
[36m2026-06-11T18:01:00.881813 [DEBUG]  [FLINT] Database auto-connected via .env[0m
[36m2026-06-11T18:39:50.224219 [DEBUG]  [HOT-RELOAD] Restarting server...[0m
[36m2026-06-11T18:39:50.228232 [DEBUG]  [HOT-RELOAD] Stopping old server...[0m
[36m2026-06-11T18:39:50.250668 [DEBUG]  [HOT-RELOAD] Starting server...[0m
[36m2026-06-11T18:39:52.277457 [DEBUG]  [HOT-RELOAD] Server started[0m
[36m2026-06-11T18:40:01.576713 [DEBUG]  [HOT-RELOAD] Restarting server...[0m
[36m2026-06-11T18:40:01.581712 [DEBUG]  [HOT-RELOAD] Stopping old server...[0m
[36m2026-06-11T18:40:01.598714 [DEBUG]  [HOT-RELOAD] Starting server...[0m
[36m2026-06-11T18:40:03.612570 [DEBUG]  [HOT-RELOAD] Server started[0m
[36m2026-06-11T18:40:12.981891 [DEBUG]  [FLINT] ⚠️ Hot reload is ENABLED.[0m
[36m2026-06-11T18:40:12.994891 [DEBUG]  FLINT_HOT=1[0m
[36m2026-06-11T18:40:13.027894 [DEBUG]  [FLINT] Server Worker running on http://localhost:3000 (PID: 19980)[0m
[36m2026-06-11T18:40:13.039893 [DEBUG]  Mail server configured for Flint Dart <noreply@flintdart.eulogia.net>@smtp.gmail.com[0m
[32m2026-06-11T18:40:13.041905 [INFO]  📧 Mail configured using provider: gmail[0m
[36m2026-06-11T18:40:13.222062 [DEBUG]  [DEBUG] Swagger UI directory: C:\Users\Aim\AppData\Local\Pub\Cache\hosted\pub.dev\flint_dart-1.1.7\lib\swagger\swagger-ui[0m
[36m2026-06-11T18:40:13.333777 [DEBUG]  [DB] MySQL connected to inventoryhq@localhost:3306[0m
[36m2026-06-11T18:40:13.334781 [DEBUG]  [FLINT] Database auto-connected via .env[0m
[36m2026-06-11T18:40:14.004183 [DEBUG]  [HOT-RELOAD] Restarting server...[0m
[36m2026-06-11T18:40:14.007181 [DEBUG]  [HOT-RELOAD] Stopping old server...[0m
[36m2026-06-11T18:40:14.023184 [DEBUG]  [HOT-RELOAD] Starting server...[0m
[36m2026-06-11T18:40:16.033641 [DEBUG]  [HOT-RELOAD] Server started[0m
[36m2026-06-11T18:40:25.254290 [DEBUG]  [FLINT] ⚠️ Hot reload is ENABLED.[0m
[36m2026-06-11T18:40:25.267348 [DEBUG]  FLINT_HOT=1[0m
[36m2026-06-11T18:40:25.295960 [DEBUG]  [FLINT] Server Worker running on http://localhost:3000 (PID: 22688)[0m
[36m2026-06-11T18:40:25.303962 [DEBUG]  Mail server configured for Flint Dart <noreply@flintdart.eulogia.net>@smtp.gmail.com[0m
[32m2026-06-11T18:40:25.304964 [INFO]  📧 Mail configured using provider: gmail[0m
[36m2026-06-11T18:40:25.514134 [DEBUG]  [DEBUG] Swagger UI directory: C:\Users\Aim\AppData\Local\Pub\Cache\hosted\pub.dev\flint_dart-1.1.7\lib\swagger\swagger-ui[0m
[36m2026-06-11T18:40:25.626864 [DEBUG]  [DB] MySQL connected to inventoryhq@localhost:3306[0m
[36m2026-06-11T18:40:25.627817 [DEBUG]  [FLINT] Database auto-connected via .env[0m
[36m2026-06-11T18:59:36.233723 [DEBUG]  [HOT-RELOAD] Restarting server...[0m
[36m2026-06-11T18:59:36.236692 [DEBUG]  [HOT-RELOAD] Stopping old server...[0m
[36m2026-06-11T18:59:36.237690 [DEBUG]  [HOT-RELOAD] Starting server...[0m
[36m2026-06-11T18:59:38.278050 [DEBUG]  [HOT-RELOAD] Server started[0m
[36m2026-06-11T18:59:52.263816 [DEBUG]  [FLINT] ⚠️ Hot reload is ENABLED.[0m
[36m2026-06-11T18:59:52.288828 [DEBUG]  FLINT_HOT=1[0m
[36m2026-06-11T18:59:52.318370 [DEBUG]  [FLINT] ❌ ERROR: Could not bind to port 3000: Failed to create server socket[0m
[36m2026-06-11T19:05:49.271702 [DEBUG]  [HOT-RELOAD] Restarting server...[0m
[36m2026-06-11T19:05:49.274710 [DEBUG]  [HOT-RELOAD] Stopping old server...[0m
[36m2026-06-11T19:05:49.275702 [DEBUG]  [HOT-RELOAD] Starting server...[0m
[36m2026-06-11T19:05:51.288272 [DEBUG]  [HOT-RELOAD] Server started[0m
[36m2026-06-11T19:06:02.771319 [DEBUG]  [FLINT] ⚠️ Hot reload is ENABLED.[0m
[36m2026-06-11T19:06:02.795328 [DEBUG]  FLINT_HOT=1[0m
[36m2026-06-11T19:06:02.839482 [DEBUG]  [FLINT] Server Worker running on http://localhost:3000 (PID: 14760)[0m
[36m2026-06-11T19:06:02.854478 [DEBUG]  Mail server configured for Flint Dart <noreply@flintdart.eulogia.net>@smtp.gmail.com[0m
[32m2026-06-11T19:06:02.855480 [INFO]  📧 Mail configured using provider: gmail[0m
[36m2026-06-11T19:06:03.190116 [DEBUG]  [DEBUG] Swagger UI directory: C:\Users\Aim\AppData\Local\Pub\Cache\hosted\pub.dev\flint_dart-1.1.7\lib\swagger\swagger-ui[0m
[36m2026-06-11T19:06:03.355867 [DEBUG]  [DB] MySQL connected to inventoryhq@localhost:3306[0m
[36m2026-06-11T19:06:03.358853 [DEBUG]  [FLINT] Database auto-connected via .env[0m
[36m2026-06-11T19:07:17.648552 [DEBUG]  [HOT-RELOAD] Restarting server...[0m
[36m2026-06-11T19:07:17.654520 [DEBUG]  [HOT-RELOAD] Stopping old server...[0m
[36m2026-06-11T19:07:17.680532 [DEBUG]  [HOT-RELOAD] Starting server...[0m
[36m2026-06-11T19:07:19.789143 [DEBUG]  [HOT-RELOAD] Server started[0m
[36m2026-06-11T19:07:38.962890 [DEBUG]  [FLINT] ⚠️ Hot reload is ENABLED.[0m
[36m2026-06-11T19:07:38.985888 [DEBUG]  FLINT_HOT=1[0m
[36m2026-06-11T19:07:39.012467 [DEBUG]  [FLINT] ❌ ERROR: Could not bind to port 3000: Failed to create server socket[0m
[36m2026-06-11T19:09:07.684917 [DEBUG]  [HOT-RELOAD] Restarting server...[0m
[36m2026-06-11T19:09:07.689922 [DEBUG]  [HOT-RELOAD] Stopping old server...[0m
[36m2026-06-11T19:09:07.691924 [DEBUG]  [HOT-RELOAD] Starting server...[0m
[36m2026-06-11T19:09:09.703277 [DEBUG]  [HOT-RELOAD] Server started[0m
[36m2026-06-11T19:09:17.062245 [DEBUG]  [HOT-RELOAD] Restarting server...[0m
[36m2026-06-11T19:09:17.065243 [DEBUG]  [HOT-RELOAD] Stopping old server...[0m
[36m2026-06-11T19:09:17.085268 [DEBUG]  [HOT-RELOAD] Starting server...[0m
[36m2026-06-11T19:09:19.100863 [DEBUG]  [HOT-RELOAD] Server started[0m
[36m2026-06-11T19:09:33.722167 [DEBUG]  [FLINT] ⚠️ Hot reload is ENABLED.[0m
[36m2026-06-11T19:09:33.736163 [DEBUG]  FLINT_HOT=1[0m
[36m2026-06-11T19:09:33.771164 [DEBUG]  [FLINT] Server Worker running on http://localhost:3000 (PID: 25560)[0m
[36m2026-06-11T19:09:33.783167 [DEBUG]  Mail server configured for Flint Dart <noreply@flintdart.eulogia.net>@smtp.gmail.com[0m
[32m2026-06-11T19:09:33.784166 [INFO]  📧 Mail configured using provider: gmail[0m
[36m2026-06-11T19:09:34.059866 [DEBUG]  [DEBUG] Swagger UI directory: C:\Users\Aim\AppData\Local\Pub\Cache\hosted\pub.dev\flint_dart-1.1.7\lib\swagger\swagger-ui[0m
[36m2026-06-11T19:09:34.135412 [DEBUG]  [DB] MySQL connected to inventoryhq@localhost:3306[0m
[36m2026-06-11T19:09:34.136411 [DEBUG]  [FLINT] Database auto-connected via .env[0m
[36m2026-06-11T19:09:56.331099 [DEBUG]  [HOT-RELOAD] Restarting server...[0m
[36m2026-06-11T19:09:56.334097 [DEBUG]  [HOT-RELOAD] Stopping old server...[0m
[36m2026-06-11T19:09:56.354093 [DEBUG]  [HOT-RELOAD] Starting server...[0m
[36m2026-06-11T19:09:58.367749 [DEBUG]  [HOT-RELOAD] Server started[0m
[36m2026-06-11T19:10:12.586132 [DEBUG]  [FLINT] ⚠️ Hot reload is ENABLED.[0m
[36m2026-06-11T19:10:12.600135 [DEBUG]  FLINT_HOT=1[0m
[36m2026-06-11T19:10:12.631157 [DEBUG]  [FLINT] Server Worker running on http://localhost:3000 (PID: 23220)[0m
[36m2026-06-11T19:10:12.640666 [DEBUG]  Mail server configured for Flint Dart <noreply@flintdart.eulogia.net>@smtp.gmail.com[0m
[32m2026-06-11T19:10:12.641684 [INFO]  📧 Mail configured using provider: gmail[0m
[36m2026-06-11T19:10:12.907772 [DEBUG]  [DEBUG] Swagger UI directory: C:\Users\Aim\AppData\Local\Pub\Cache\hosted\pub.dev\flint_dart-1.1.7\lib\swagger\swagger-ui[0m
[36m2026-06-11T19:10:12.984316 [DEBUG]  [DB] MySQL connected to inventoryhq@localhost:3306[0m
[36m2026-06-11T19:10:12.985311 [DEBUG]  [FLINT] Database auto-connected via .env[0m
null
null
permissions: [audit.view, company.update, credit.admin_approve, credit.manager_approve, credit.request, customers.manage, customers.view, inventory.adjust, inventory.stock_in, inventory.stock_out, inventory.transfer, inventory.view, products.create, products.update, products.view, reports.export, reports.view_company, reports.view_store, sales.create, sales.refund, sales.view, stores.create, stores.update, stores.view_all, suppliers.manage, suppliers.view, users.manage_all, users.manage_store]
null
null
null
null
null
null
null
null
null
null
null
null
null
null
null
null
null
null
null
null
null
null
null
null
null
null
null
null
[36m2026-06-11T20:00:26.960937 [DEBUG]  [HOT-RELOAD] Restarting server...[0m
[36m2026-06-11T20:00:26.964504 [DEBUG]  [HOT-RELOAD] Stopping old server...[0m
[36m2026-06-11T20:00:26.965511 [DEBUG]  [HOT-RELOAD] Starting server...[0m
[36m2026-06-11T20:00:28.980053 [DEBUG]  [HOT-RELOAD] Server started[0m
[36m2026-06-11T20:00:47.891406 [DEBUG]  [FLINT] ⚠️ Hot reload is ENABLED.[0m
[36m2026-06-11T20:00:47.912398 [DEBUG]  FLINT_HOT=1[0m
[36m2026-06-11T20:00:47.942467 [DEBUG]  [FLINT] ❌ ERROR: Could not bind to port 3000: Failed to create server socket[0m
[36m2026-06-11T20:02:08.527676 [DEBUG]  [HOT-RELOAD] Restarting server...[0m
[36m2026-06-11T20:02:08.531676 [DEBUG]  [HOT-RELOAD] Stopping old server...[0m
[36m2026-06-11T20:02:08.532681 [DEBUG]  [HOT-RELOAD] Starting server...[0m
[36m2026-06-11T20:02:10.548217 [DEBUG]  [HOT-RELOAD] Server started[0m
[36m2026-06-11T20:02:26.859120 [DEBUG]  [FLINT] ⚠️ Hot reload is ENABLED.[0m
[36m2026-06-11T20:02:26.877531 [DEBUG]  FLINT_HOT=1[0m
[36m2026-06-11T20:02:26.909756 [DEBUG]  [FLINT] Server Worker running on http://localhost:3000 (PID: 28128)[0m
[36m2026-06-11T20:02:26.918077 [DEBUG]  Mail server configured for Flint Dart <noreply@flintdart.eulogia.net>@smtp.gmail.com[0m
[32m2026-06-11T20:02:26.919230 [INFO]  📧 Mail configured using provider: gmail[0m
[36m2026-06-11T20:02:27.182763 [DEBUG]  [DEBUG] Swagger UI directory: C:\Users\Aim\AppData\Local\Pub\Cache\hosted\pub.dev\flint_dart-1.1.7\lib\swagger\swagger-ui[0m
[36m2026-06-11T20:02:27.260857 [DEBUG]  [DB] MySQL connected to inventoryhq@localhost:3306[0m
[36m2026-06-11T20:02:27.260857 [DEBUG]  [FLINT] Database auto-connected via .env[0m
[36m2026-06-11T20:02:33.718920 [DEBUG]  [HOT-RELOAD] Restarting server...[0m
[36m2026-06-11T20:02:33.723940 [DEBUG]  [HOT-RELOAD] Stopping old server...[0m
[36m2026-06-11T20:02:33.900063 [DEBUG]  [HOT-RELOAD] Starting server...[0m
[36m2026-06-11T20:02:35.914671 [DEBUG]  [HOT-RELOAD] Server started[0m
[36m2026-06-11T20:02:50.952335 [DEBUG]  [FLINT] ⚠️ Hot reload is ENABLED.[0m
[36m2026-06-11T20:02:50.973344 [DEBUG]  FLINT_HOT=1[0m
[36m2026-06-11T20:02:51.013753 [DEBUG]  [FLINT] Server Worker running on http://localhost:3000 (PID: 24412)[0m
[36m2026-06-11T20:02:51.025744 [DEBUG]  Mail server configured for Flint Dart <noreply@flintdart.eulogia.net>@smtp.gmail.com[0m
[32m2026-06-11T20:02:51.026751 [INFO]  📧 Mail configured using provider: gmail[0m
[36m2026-06-11T20:02:51.361181 [DEBUG]  [DEBUG] Swagger UI directory: C:\Users\Aim\AppData\Local\Pub\Cache\hosted\pub.dev\flint_dart-1.1.7\lib\swagger\swagger-ui[0m
[36m2026-06-11T20:02:51.508275 [DEBUG]  [DB] MySQL connected to inventoryhq@localhost:3306[0m
[36m2026-06-11T20:02:51.512277 [DEBUG]  [FLINT] Database auto-connected via .env[0m
[36m2026-06-11T20:02:59.045860 [DEBUG]  [HOT-RELOAD] Restarting server...[0m
[36m2026-06-11T20:02:59.048861 [DEBUG]  [HOT-RELOAD] Stopping old server...[0m
[36m2026-06-11T20:02:59.198037 [DEBUG]  [HOT-RELOAD] Starting server...[0m
[36m2026-06-11T20:03:01.245922 [DEBUG]  [HOT-RELOAD] Server started[0m
[36m2026-06-11T20:03:23.387294 [DEBUG]  [FLINT] ⚠️ Hot reload is ENABLED.[0m
[36m2026-06-11T20:03:23.408343 [DEBUG]  FLINT_HOT=1[0m
[36m2026-06-11T20:03:23.460848 [DEBUG]  [FLINT] Server Worker running on http://localhost:3000 (PID: 14176)[0m
[36m2026-06-11T20:03:23.477858 [DEBUG]  Mail server configured for Flint Dart <noreply@flintdart.eulogia.net>@smtp.gmail.com[0m
[32m2026-06-11T20:03:23.478854 [INFO]  📧 Mail configured using provider: gmail[0m
[36m2026-06-11T20:03:23.764510 [DEBUG]  [DEBUG] Swagger UI directory: C:\Users\Aim\AppData\Local\Pub\Cache\hosted\pub.dev\flint_dart-1.1.7\lib\swagger\swagger-ui[0m
[36m2026-06-11T20:03:23.837090 [DEBUG]  [DB] MySQL connected to inventoryhq@localhost:3306[0m
[36m2026-06-11T20:03:23.840095 [DEBUG]  [FLINT] Database auto-connected via .env[0m
[36m2026-06-11T20:04:43.332033 [DEBUG]  [HOT-RELOAD] Restarting server...[0m
[36m2026-06-11T20:04:43.335031 [DEBUG]  [HOT-RELOAD] Stopping old server...[0m
[36m2026-06-11T20:04:43.338029 [DEBUG]  [HOT-RELOAD] Starting server...[0m
[36m2026-06-11T20:04:45.370492 [DEBUG]  [HOT-RELOAD] Server started[0m
[36m2026-06-11T20:05:04.680967 [DEBUG]  [FLINT] ⚠️ Hot reload is ENABLED.[0m
[36m2026-06-11T20:05:04.701982 [DEBUG]  FLINT_HOT=1[0m
[36m2026-06-11T20:05:04.736126 [DEBUG]  [FLINT] Server Worker running on http://localhost:3030 (PID: 23812)[0m
[36m2026-06-11T20:05:04.747133 [DEBUG]  Mail server configured for Flint Dart <noreply@flintdart.eulogia.net>@smtp.gmail.com[0m
[32m2026-06-11T20:05:04.748128 [INFO]  📧 Mail configured using provider: gmail[0m
[36m2026-06-11T20:05:05.024392 [DEBUG]  [DEBUG] Swagger UI directory: C:\Users\Aim\AppData\Local\Pub\Cache\hosted\pub.dev\flint_dart-1.1.7\lib\swagger\swagger-ui[0m
[36m2026-06-11T20:05:05.067392 [DEBUG]  [DB] MySQL connected to inventoryhq@localhost:3306[0m
[36m2026-06-11T20:05:05.067392 [DEBUG]  [FLINT] Database auto-connected via .env[0m
[36m2026-06-11T20:05:56.785704 [DEBUG]  [HOT-RELOAD] Restarting server...[0m
[36m2026-06-11T20:05:56.785704 [DEBUG]  [HOT-RELOAD] Stopping old server...[0m
[36m2026-06-11T20:05:56.822704 [DEBUG]  [HOT-RELOAD] Starting server...[0m
[36m2026-06-11T20:05:58.840872 [DEBUG]  [HOT-RELOAD] Server started[0m
[36m2026-06-11T20:06:23.905955 [DEBUG]  [FLINT] ⚠️ Hot reload is ENABLED.[0m
[36m2026-06-11T20:06:23.932953 [DEBUG]  FLINT_HOT=1[0m
[36m2026-06-11T20:06:23.987968 [DEBUG]  [FLINT] Server Worker running on http://localhost:3030 (PID: 5888)[0m
[36m2026-06-11T20:06:24.004495 [DEBUG]  Mail server configured for Flint Dart <noreply@flintdart.eulogia.net>@smtp.gmail.com[0m
[32m2026-06-11T20:06:24.006500 [INFO]  📧 Mail configured using provider: gmail[0m
[36m2026-06-11T20:06:24.380197 [DEBUG]  [DEBUG] Swagger UI directory: C:\Users\Aim\AppData\Local\Pub\Cache\hosted\pub.dev\flint_dart-1.1.7\lib\swagger\swagger-ui[0m
[36m2026-06-11T20:06:24.545281 [DEBUG]  [DB] MySQL connected to inventoryhq@localhost:3306[0m
[36m2026-06-11T20:06:24.548274 [DEBUG]  [FLINT] Database auto-connected via .env[0m
[36m2026-06-11T20:23:13.220812 [DEBUG]  [HOT-RELOAD] Restarting server...[0m
[36m2026-06-11T20:23:13.225769 [DEBUG]  [HOT-RELOAD] Stopping old server...[0m
[36m2026-06-11T20:23:13.238768 [DEBUG]  [HOT-RELOAD] Starting server...[0m
[36m2026-06-11T20:23:15.261196 [DEBUG]  [HOT-RELOAD] Server started[0m
[36m2026-06-11T20:23:28.575726 [DEBUG]  [FLINT] ⚠️ Hot reload is ENABLED.[0m
[36m2026-06-11T20:23:28.590256 [DEBUG]  FLINT_HOT=1[0m
[36m2026-06-11T20:23:28.626258 [DEBUG]  [FLINT] Server Worker running on http://localhost:8080 (PID: 28276)[0m
[36m2026-06-11T20:23:28.640258 [DEBUG]  Mail server configured for Flint Dart <noreply@flintdart.eulogia.net>@smtp.gmail.com[0m
[32m2026-06-11T20:23:28.641253 [INFO]  📧 Mail configured using provider: gmail[0m
[36m2026-06-11T20:23:28.890961 [DEBUG]  [DEBUG] Swagger UI directory: C:\Users\Aim\AppData\Local\Pub\Cache\hosted\pub.dev\flint_dart-1.1.7\lib\swagger\swagger-ui[0m
[36m2026-06-11T20:23:28.994463 [DEBUG]  [DB] MySQL connected to inventoryhq@localhost:3306[0m
[36m2026-06-11T20:23:28.997454 [DEBUG]  [FLINT] Database auto-connected via .env[0m
